INFO  started: Metals version 0.8.1 in workspace '/Users/keithschulze/Development/github/functional-cross.g8'
INFO  time: initialize in 0.52s
WARN  Unsupported sbt version 0.13.15
Mar 12, 2020 7:03:20 AM org.eclipse.lsp4j.jsonrpc.services.GenericEndpoint notify
INFO: Unsupported notification method: $/setTraceNotification
Mar 12, 2020 7:05:14 AM org.eclipse.lsp4j.jsonrpc.RemoteEndpoint handleCancellation
WARNING: Unmatched cancel notification for request id 24
Mar 12, 2020 7:05:15 AM org.eclipse.lsp4j.jsonrpc.RemoteEndpoint fallbackResponseError
SEVERE: Internal error: java.lang.StringIndexOutOfBoundsException: String index out of range: -1
java.util.concurrent.CompletionException: java.lang.StringIndexOutOfBoundsException: String index out of range: -1
	at java.util.concurrent.CompletableFuture.encodeThrowable(CompletableFuture.java:292)
	at java.util.concurrent.CompletableFuture.completeThrowable(CompletableFuture.java:308)
	at java.util.concurrent.CompletableFuture.uniAccept(CompletableFuture.java:647)
	at java.util.concurrent.CompletableFuture$UniAccept.tryFire(CompletableFuture.java:632)
	at java.util.concurrent.CompletableFuture.postComplete(CompletableFuture.java:474)
	at java.util.concurrent.CompletableFuture.completeExceptionally(CompletableFuture.java:1977)
	at scala.meta.internal.metals.CancelTokens$.$anonfun$future$1(CancelTokens.scala:38)
	at scala.meta.internal.metals.CancelTokens$.$anonfun$future$1$adapted(CancelTokens.scala:36)
	at scala.concurrent.impl.CallbackRunnable.run(Promise.scala:64)
	at java.util.concurrent.ThreadPoolExecutor.runWorker(ThreadPoolExecutor.java:1149)
	at java.util.concurrent.ThreadPoolExecutor$Worker.run(ThreadPoolExecutor.java:624)
	at java.lang.Thread.run(Thread.java:748)
Caused by: java.lang.StringIndexOutOfBoundsException: String index out of range: -1
	at java.lang.String.charAt(String.java:658)
	at scala.collection.immutable.StringOps$.apply$extension(StringOps.scala:41)
	at scala.meta.internal.metals.MetalsEnrichments$XtensionString.lastIndexBetween(MetalsEnrichments.scala:411)
	at scala.meta.internal.metals.MultilineStringFormattingProvider.pipeInScope(MultilineStringFormattingProvider.scala:86)
	at scala.meta.internal.metals.MultilineStringFormattingProvider.$anonfun$withToken$1(MultilineStringFormattingProvider.scala:131)
	at scala.concurrent.Future$.$anonfun$apply$1(Future.scala:659)
	at scala.util.Success.$anonfun$map$1(Try.scala:255)
	at scala.util.Success.map(Try.scala:213)
	at scala.concurrent.Future.$anonfun$map$1(Future.scala:292)
	at scala.concurrent.impl.Promise.liftedTree1$1(Promise.scala:33)
	at scala.concurrent.impl.Promise.$anonfun$transform$1(Promise.scala:33)
	... 4 more

INFO  skipping build import with status 'Dismissed'
WARN  no build target for: /Users/keithschulze/Development/github/functional-cross.g8/src/main/g8/tests/src/test/scala/$organization__packaged$/$name__Camel$Specification.scala
Mar 12, 2020 7:08:38 AM org.eclipse.lsp4j.jsonrpc.RemoteEndpoint handleCancellation
WARNING: Unmatched cancel notification for request id 183
Mar 12, 2020 7:26:19 AM org.eclipse.lsp4j.jsonrpc.RemoteEndpoint handleCancellation
WARNING: Unmatched cancel notification for request id 894
Mar 12, 2020 4:45:32 PM org.eclipse.lsp4j.jsonrpc.RemoteEndpoint fallbackResponseError
SEVERE: Internal error: java.lang.StringIndexOutOfBoundsException: String index out of range: -1
java.util.concurrent.CompletionException: java.lang.StringIndexOutOfBoundsException: String index out of range: -1
	at java.util.concurrent.CompletableFuture.encodeThrowable(CompletableFuture.java:292)
	at java.util.concurrent.CompletableFuture.completeThrowable(CompletableFuture.java:308)
	at java.util.concurrent.CompletableFuture.uniAccept(CompletableFuture.java:647)
	at java.util.concurrent.CompletableFuture$UniAccept.tryFire(CompletableFuture.java:632)
	at java.util.concurrent.CompletableFuture.postComplete(CompletableFuture.java:474)
	at java.util.concurrent.CompletableFuture.completeExceptionally(CompletableFuture.java:1977)
	at scala.meta.internal.metals.CancelTokens$.$anonfun$future$1(CancelTokens.scala:38)
	at scala.meta.internal.metals.CancelTokens$.$anonfun$future$1$adapted(CancelTokens.scala:36)
	at scala.concurrent.impl.CallbackRunnable.run(Promise.scala:64)
	at java.util.concurrent.ThreadPoolExecutor.runWorker(ThreadPoolExecutor.java:1149)
	at java.util.concurrent.ThreadPoolExecutor$Worker.run(ThreadPoolExecutor.java:624)
	at java.lang.Thread.run(Thread.java:748)
Caused by: java.lang.StringIndexOutOfBoundsException: String index out of range: -1
	at java.lang.String.charAt(String.java:658)
	at scala.collection.immutable.StringOps$.apply$extension(StringOps.scala:41)
	at scala.meta.internal.metals.MetalsEnrichments$XtensionString.lastIndexBetween(MetalsEnrichments.scala:411)
	at scala.meta.internal.metals.MultilineStringFormattingProvider.pipeInScope(MultilineStringFormattingProvider.scala:86)
	at scala.meta.internal.metals.MultilineStringFormattingProvider.$anonfun$withToken$1(MultilineStringFormattingProvider.scala:131)
	at scala.concurrent.Future$.$anonfun$apply$1(Future.scala:659)
	at scala.util.Success.$anonfun$map$1(Try.scala:255)
	at scala.util.Success.map(Try.scala:213)
	at scala.concurrent.Future.$anonfun$map$1(Future.scala:292)
	at scala.concurrent.impl.Promise.liftedTree1$1(Promise.scala:33)
	at scala.concurrent.impl.Promise.$anonfun$transform$1(Promise.scala:33)
	... 4 more

